c:\users\nathan\documents\visual studio 2017\projects\grandplanapi\grandplanapi\x64\debug\grandplanapi.pch
c:\users\nathan\documents\visual studio 2017\projects\grandplanapi\grandplanapi\x64\debug\vc141.pdb
c:\users\nathan\documents\visual studio 2017\projects\grandplanapi\grandplanapi\x64\debug\vc141.idb
c:\users\nathan\documents\visual studio 2017\projects\grandplanapi\grandplanapi\x64\debug\stdafx.obj
c:\users\nathan\documents\visual studio 2017\projects\grandplanapi\grandplanapi\x64\debug\utility.obj
c:\users\nathan\documents\visual studio 2017\projects\grandplanapi\grandplanapi\x64\debug\support.obj
c:\users\nathan\documents\visual studio 2017\projects\grandplanapi\grandplanapi\x64\debug\cpb_cppbridge.obj
c:\users\nathan\documents\visual studio 2017\projects\grandplanapi\grandplanapi\x64\debug\dllmain.obj
c:\users\nathan\ideaprojects\grandplan\lib\grandplanapi.lib
c:\users\nathan\ideaprojects\grandplan\lib\grandplanapi.exp
c:\users\nathan\ideaprojects\grandplan\lib\grandplanapi.pdb
c:\users\nathan\documents\visual studio 2017\projects\grandplanapi\grandplanapi\x64\debug\grandplanapi.tlog\cl.command.1.tlog
c:\users\nathan\documents\visual studio 2017\projects\grandplanapi\grandplanapi\x64\debug\grandplanapi.tlog\cl.read.1.tlog
c:\users\nathan\documents\visual studio 2017\projects\grandplanapi\grandplanapi\x64\debug\grandplanapi.tlog\cl.write.1.tlog
c:\users\nathan\documents\visual studio 2017\projects\grandplanapi\grandplanapi\x64\debug\grandplanapi.tlog\grandplanapi.write.1u.tlog
c:\users\nathan\documents\visual studio 2017\projects\grandplanapi\grandplanapi\x64\debug\grandplanapi.tlog\link.11628.delete.1.tlog
c:\users\nathan\documents\visual studio 2017\projects\grandplanapi\grandplanapi\x64\debug\grandplanapi.tlog\link.16008.delete.1.tlog
c:\users\nathan\documents\visual studio 2017\projects\grandplanapi\grandplanapi\x64\debug\grandplanapi.tlog\link.16736.delete.1.tlog
c:\users\nathan\documents\visual studio 2017\projects\grandplanapi\grandplanapi\x64\debug\grandplanapi.tlog\link.18524.delete.1.tlog
c:\users\nathan\documents\visual studio 2017\projects\grandplanapi\grandplanapi\x64\debug\grandplanapi.tlog\link.19140.delete.1.tlog
c:\users\nathan\documents\visual studio 2017\projects\grandplanapi\grandplanapi\x64\debug\grandplanapi.tlog\link.19568.delete.1.tlog
c:\users\nathan\documents\visual studio 2017\projects\grandplanapi\grandplanapi\x64\debug\grandplanapi.tlog\link.19740.delete.1.tlog
c:\users\nathan\documents\visual studio 2017\projects\grandplanapi\grandplanapi\x64\debug\grandplanapi.tlog\link.19848-cvtres.read.1.tlog
c:\users\nathan\documents\visual studio 2017\projects\grandplanapi\grandplanapi\x64\debug\grandplanapi.tlog\link.19848-cvtres.write.1.tlog
c:\users\nathan\documents\visual studio 2017\projects\grandplanapi\grandplanapi\x64\debug\grandplanapi.tlog\link.19848-rc.read.1.tlog
c:\users\nathan\documents\visual studio 2017\projects\grandplanapi\grandplanapi\x64\debug\grandplanapi.tlog\link.19848-rc.write.1.tlog
c:\users\nathan\documents\visual studio 2017\projects\grandplanapi\grandplanapi\x64\debug\grandplanapi.tlog\link.19848.read.1.tlog
c:\users\nathan\documents\visual studio 2017\projects\grandplanapi\grandplanapi\x64\debug\grandplanapi.tlog\link.19848.write.1.tlog
c:\users\nathan\documents\visual studio 2017\projects\grandplanapi\grandplanapi\x64\debug\grandplanapi.tlog\link.228.delete.1.tlog
c:\users\nathan\documents\visual studio 2017\projects\grandplanapi\grandplanapi\x64\debug\grandplanapi.tlog\link.4864.delete.1.tlog
c:\users\nathan\documents\visual studio 2017\projects\grandplanapi\grandplanapi\x64\debug\grandplanapi.tlog\link.command.1.tlog
c:\users\nathan\documents\visual studio 2017\projects\grandplanapi\grandplanapi\x64\debug\grandplanapi.tlog\link.read.1.tlog
c:\users\nathan\documents\visual studio 2017\projects\grandplanapi\grandplanapi\x64\debug\grandplanapi.tlog\link.write.1.tlog
